<?xml version="1.0" encoding="UTF-8"?>
<testsuite name="baseline.Solution35Test" tests="1" skipped="0" failures="0" errors="0" timestamp="2021-10-04T00:29:16" hostname="LAPTOP-3Q532GHH" time="0.022">
  <properties/>
  <testcase name="addName()" classname="baseline.Solution35Test" time="0.022"/>
  <system-out><![CDATA[]]></system-out>
  <system-err><![CDATA[]]></system-err>
</testsuite>
