<?xml version="1.0" encoding="UTF-8"?>
<testsuite name="baseline.Solution26Test" tests="1" skipped="0" failures="0" errors="0" timestamp="2021-10-04T00:49:44" hostname="LAPTOP-3Q532GHH" time="0.017">
  <properties/>
  <testcase name="calculateMonthsUntilPaidOff()" classname="baseline.Solution26Test" time="0.017"/>
  <system-out><![CDATA[]]></system-out>
  <system-err><![CDATA[]]></system-err>
</testsuite>
