<?xml version="1.0" encoding="UTF-8"?>
<testsuite name="baseline.Solution38Test" tests="1" skipped="0" failures="0" errors="0" timestamp="2021-10-04T03:44:11" hostname="LAPTOP-3Q532GHH" time="0.023">
  <properties/>
  <testcase name="filterEvenNumbers()" classname="baseline.Solution38Test" time="0.023"/>
  <system-out><![CDATA[]]></system-out>
  <system-err><![CDATA[]]></system-err>
</testsuite>
