<?xml version="1.0" encoding="UTF-8"?>
<testsuite name="baseline.Solution32Test" tests="1" skipped="0" failures="0" errors="0" timestamp="2021-10-04T00:06:14" hostname="LAPTOP-3Q532GHH" time="0.019">
  <properties/>
  <testcase name="loop()" classname="baseline.Solution32Test" time="0.019"/>
  <system-out><![CDATA[]]></system-out>
  <system-err><![CDATA[]]></system-err>
</testsuite>
