<?xml version="1.0" encoding="UTF-8"?>
<testsuite name="baseline.Solution30Test" tests="1" skipped="0" failures="1" errors="0" timestamp="2021-10-04T00:59:26" hostname="LAPTOP-3Q532GHH" time="0.026">
  <properties/>
  <testcase name="math()" classname="baseline.Solution30Test" time="0.026">
    <failure message="org.opentest4j.AssertionFailedError: expected: &lt;1&#9;2&#9;3&#9;4&#9;5&#9;6&#9;7&#9;8&#9;9&#9;10&#9;11&#9;12&#9;&#10;2&#9;4&#9;6&#9;8&#9;10&#9;12&#9;14&#9;16&#9;18&#9;20&#9;22&#9;24&#9;&#10;3&#9;6&#9;9&#9;12&#9;15&#9;18&#9;21&#9;24&#9;27&#9;30&#9;33&#9;36&#9;&#10;4&#9;8&#9;12&#9;16&#9;20&#9;24&#9;28&#9;32&#9;36&#9;40&#9;44&#9;48&#9;&#10;5&#9;10&#9;15&#9;20&#9;25&#9;30&#9;35&#9;40&#9;45&#9;50&#9;55&#9;60&#9;&#10;6&#9;12&#9;18&#9;24&#9;30&#9;36&#9;42&#9;48&#9;54&#9;60&#9;66&#9;72&#9;&#10;7&#9;14&#9;21&#9;28&#9;35&#9;42&#9;49&#9;56&#9;63&#9;70&#9;77&#9;84&#9;&#10;8&#9;16&#9;24&#9;32&#9;40&#9;48&#9;56&#9;64&#9;72&#9;80&#9;88&#9;96&#9;&#10;9&#9;18&#9;27&#9;36&#9;45&#9;54&#9;63&#9;72&#9;81&#9;90&#9;99&#9;108&#9;&#10;10&#9;20&#9;30&#9;40&#9;50&#9;60&#9;70&#9;80&#9;90&#9;100&#9;110&#9;120&#9;&#10;11&#9;22&#9;33&#9;44&#9;55&#9;66&#9;77&#9;88&#9;99&#9;110&#9;121&#9;132&#9;&#10;12&#9;24&#9;36&#9;48&#9;60&#9;72&#9;84&#9;96&#9;108&#9;120&#9;132&#9;145&#9;&#10;&gt; but was: &lt;1&#9;2&#9;3&#9;4&#9;5&#9;6&#9;7&#9;8&#9;9&#9;10&#9;11&#9;12&#9;&#10;2&#9;4&#9;6&#9;8&#9;10&#9;12&#9;14&#9;16&#9;18&#9;20&#9;22&#9;24&#9;&#10;3&#9;6&#9;9&#9;12&#9;15&#9;18&#9;21&#9;24&#9;27&#9;30&#9;33&#9;36&#9;&#10;4&#9;8&#9;12&#9;16&#9;20&#9;24&#9;28&#9;32&#9;36&#9;40&#9;44&#9;48&#9;&#10;5&#9;10&#9;15&#9;20&#9;25&#9;30&#9;35&#9;40&#9;45&#9;50&#9;55&#9;60&#9;&#10;6&#9;12&#9;18&#9;24&#9;30&#9;36&#9;42&#9;48&#9;54&#9;60&#9;66&#9;72&#9;&#10;7&#9;14&#9;21&#9;28&#9;35&#9;42&#9;49&#9;56&#9;63&#9;70&#9;77&#9;84&#9;&#10;8&#9;16&#9;24&#9;32&#9;40&#9;48&#9;56&#9;64&#9;72&#9;80&#9;88&#9;96&#9;&#10;9&#9;18&#9;27&#9;36&#9;45&#9;54&#9;63&#9;72&#9;81&#9;90&#9;99&#9;108&#9;&#10;10&#9;20&#9;30&#9;40&#9;50&#9;60&#9;70&#9;80&#9;90&#9;100&#9;110&#9;120&#9;&#10;11&#9;22&#9;33&#9;44&#9;55&#9;66&#9;77&#9;88&#9;99&#9;110&#9;121&#9;132&#9;&#10;12&#9;24&#9;36&#9;48&#9;60&#9;72&#9;84&#9;96&#9;108&#9;120&#9;132&#9;144&#9;&#10;&gt;" type="org.opentest4j.AssertionFailedError">org.opentest4j.AssertionFailedError: expected: &lt;1	2	3	4	5	6	7	8	9	10	11	12	
2	4	6	8	10	12	14	16	18	20	22	24	
3	6	9	12	15	18	21	24	27	30	33	36	
4	8	12	16	20	24	28	32	36	40	44	48	
5	10	15	20	25	30	35	40	45	50	55	60	
6	12	18	24	30	36	42	48	54	60	66	72	
7	14	21	28	35	42	49	56	63	70	77	84	
8	16	24	32	40	48	56	64	72	80	88	96	
9	18	27	36	45	54	63	72	81	90	99	108	
10	20	30	40	50	60	70	80	90	100	110	120	
11	22	33	44	55	66	77	88	99	110	121	132	
12	24	36	48	60	72	84	96	108	120	132	145	
&gt; but was: &lt;1	2	3	4	5	6	7	8	9	10	11	12	
2	4	6	8	10	12	14	16	18	20	22	24	
3	6	9	12	15	18	21	24	27	30	33	36	
4	8	12	16	20	24	28	32	36	40	44	48	
5	10	15	20	25	30	35	40	45	50	55	60	
6	12	18	24	30	36	42	48	54	60	66	72	
7	14	21	28	35	42	49	56	63	70	77	84	
8	16	24	32	40	48	56	64	72	80	88	96	
9	18	27	36	45	54	63	72	81	90	99	108	
10	20	30	40	50	60	70	80	90	100	110	120	
11	22	33	44	55	66	77	88	99	110	121	132	
12	24	36	48	60	72	84	96	108	120	132	144	
&gt;
	at org.junit.jupiter.api.AssertionUtils.fail(AssertionUtils.java:55)
	at org.junit.jupiter.api.AssertionUtils.failNotEqual(AssertionUtils.java:62)
	at org.junit.jupiter.api.AssertEquals.assertEquals(AssertEquals.java:182)
	at org.junit.jupiter.api.AssertEquals.assertEquals(AssertEquals.java:177)
	at org.junit.jupiter.api.Assertions.assertEquals(Assertions.java:1141)
	at baseline.Solution30Test.math(Solution30Test.java:39)
	at java.base/jdk.internal.reflect.NativeMethodAccessorImpl.invoke0(Native Method)
	at java.base/jdk.internal.reflect.NativeMethodAccessorImpl.invoke(NativeMethodAccessorImpl.java:78)
	at java.base/jdk.internal.reflect.DelegatingMethodAccessorImpl.invoke(DelegatingMethodAccessorImpl.java:43)
	at java.base/java.lang.reflect.Method.invoke(Method.java:567)
	at org.junit.platform.commons.util.ReflectionUtils.invokeMethod(ReflectionUtils.java:725)
	at org.junit.jupiter.engine.execution.MethodInvocation.proceed(MethodInvocation.java:60)
	at org.junit.jupiter.engine.execution.InvocationInterceptorChain$ValidatingInvocation.proceed(InvocationInterceptorChain.java:131)
	at org.junit.jupiter.engine.extension.TimeoutExtension.intercept(TimeoutExtension.java:149)
	at org.junit.jupiter.engine.extension.TimeoutExtension.interceptTestableMethod(TimeoutExtension.java:140)
	at org.junit.jupiter.engine.extension.TimeoutExtension.interceptTestMethod(TimeoutExtension.java:84)
	at org.junit.jupiter.engine.execution.ExecutableInvoker$ReflectiveInterceptorCall.lambda$ofVoidMethod$0(ExecutableInvoker.java:115)
	at org.junit.jupiter.engine.execution.ExecutableInvoker.lambda$invoke$0(ExecutableInvoker.java:105)
	at org.junit.jupiter.engine.execution.InvocationInterceptorChain$InterceptedInvocation.proceed(InvocationInterceptorChain.java:106)
	at org.junit.jupiter.engine.execution.InvocationInterceptorChain.proceed(InvocationInterceptorChain.java:64)
	at org.junit.jupiter.engine.execution.InvocationInterceptorChain.chainAndInvoke(InvocationInterceptorChain.java:45)
	at org.junit.jupiter.engine.execution.InvocationInterceptorChain.invoke(InvocationInterceptorChain.java:37)
	at org.junit.jupiter.engine.execution.ExecutableInvoker.invoke(ExecutableInvoker.java:104)
	at org.junit.jupiter.engine.execution.ExecutableInvoker.invoke(ExecutableInvoker.java:98)
	at org.junit.jupiter.engine.descriptor.TestMethodTestDescriptor.lambda$invokeTestMethod$7(TestMethodTestDescriptor.java:214)
	at org.junit.platform.engine.support.hierarchical.ThrowableCollector.execute(ThrowableCollector.java:73)
	at org.junit.jupiter.engine.descriptor.TestMethodTestDescriptor.invokeTestMethod(TestMethodTestDescriptor.java:210)
	at org.junit.jupiter.engine.descriptor.TestMethodTestDescriptor.execute(TestMethodTestDescriptor.java:135)
	at org.junit.jupiter.engine.descriptor.TestMethodTestDescriptor.execute(TestMethodTestDescriptor.java:66)
	at org.junit.platform.engine.support.hierarchical.NodeTestTask.lambda$executeRecursively$6(NodeTestTask.java:151)
	at org.junit.platform.engine.support.hierarchical.ThrowableCollector.execute(ThrowableCollector.java:73)
	at org.junit.platform.engine.support.hierarchical.NodeTestTask.lambda$executeRecursively$8(NodeTestTask.java:141)
	at org.junit.platform.engine.support.hierarchical.Node.around(Node.java:137)
	at org.junit.platform.engine.support.hierarchical.NodeTestTask.lambda$executeRecursively$9(NodeTestTask.java:139)
	at org.junit.platform.engine.support.hierarchical.ThrowableCollector.execute(ThrowableCollector.java:73)
	at org.junit.platform.engine.support.hierarchical.NodeTestTask.executeRecursively(NodeTestTask.java:138)
	at org.junit.platform.engine.support.hierarchical.NodeTestTask.execute(NodeTestTask.java:95)
	at java.base/java.util.ArrayList.forEach(ArrayList.java:1511)
	at org.junit.platform.engine.support.hierarchical.SameThreadHierarchicalTestExecutorService.invokeAll(SameThreadHierarchicalTestExecutorService.java:41)
	at org.junit.platform.engine.support.hierarchical.NodeTestTask.lambda$executeRecursively$6(NodeTestTask.java:155)
	at org.junit.platform.engine.support.hierarchical.ThrowableCollector.execute(ThrowableCollector.java:73)
	at org.junit.platform.engine.support.hierarchical.NodeTestTask.lambda$executeRecursively$8(NodeTestTask.java:141)
	at org.junit.platform.engine.support.hierarchical.Node.around(Node.java:137)
	at org.junit.platform.engine.support.hierarchical.NodeTestTask.lambda$executeRecursively$9(NodeTestTask.java:139)
	at org.junit.platform.engine.support.hierarchical.ThrowableCollector.execute(ThrowableCollector.java:73)
	at org.junit.platform.engine.support.hierarchical.NodeTestTask.executeRecursively(NodeTestTask.java:138)
	at org.junit.platform.engine.support.hierarchical.NodeTestTask.execute(NodeTestTask.java:95)
	at java.base/java.util.ArrayList.forEach(ArrayList.java:1511)
	at org.junit.platform.engine.support.hierarchical.SameThreadHierarchicalTestExecutorService.invokeAll(SameThreadHierarchicalTestExecutorService.java:41)
	at org.junit.platform.engine.support.hierarchical.NodeTestTask.lambda$executeRecursively$6(NodeTestTask.java:155)
	at org.junit.platform.engine.support.hierarchical.ThrowableCollector.execute(ThrowableCollector.java:73)
	at org.junit.platform.engine.support.hierarchical.NodeTestTask.lambda$executeRecursively$8(NodeTestTask.java:141)
	at org.junit.platform.engine.support.hierarchical.Node.around(Node.java:137)
	at org.junit.platform.engine.support.hierarchical.NodeTestTask.lambda$executeRecursively$9(NodeTestTask.java:139)
	at org.junit.platform.engine.support.hierarchical.ThrowableCollector.execute(ThrowableCollector.java:73)
	at org.junit.platform.engine.support.hierarchical.NodeTestTask.executeRecursively(NodeTestTask.java:138)
	at org.junit.platform.engine.support.hierarchical.NodeTestTask.execute(NodeTestTask.java:95)
	at org.junit.platform.engine.support.hierarchical.SameThreadHierarchicalTestExecutorService.submit(SameThreadHierarchicalTestExecutorService.java:35)
	at org.junit.platform.engine.support.hierarchical.HierarchicalTestExecutor.execute(HierarchicalTestExecutor.java:57)
	at org.junit.platform.engine.support.hierarchical.HierarchicalTestEngine.execute(HierarchicalTestEngine.java:54)
	at org.junit.platform.launcher.core.EngineExecutionOrchestrator.execute(EngineExecutionOrchestrator.java:108)
	at org.junit.platform.launcher.core.EngineExecutionOrchestrator.execute(EngineExecutionOrchestrator.java:88)
	at org.junit.platform.launcher.core.EngineExecutionOrchestrator.lambda$execute$0(EngineExecutionOrchestrator.java:54)
	at org.junit.platform.launcher.core.EngineExecutionOrchestrator.withInterceptedStreams(EngineExecutionOrchestrator.java:67)
	at org.junit.platform.launcher.core.EngineExecutionOrchestrator.execute(EngineExecutionOrchestrator.java:52)
	at org.junit.platform.launcher.core.DefaultLauncher.execute(DefaultLauncher.java:96)
	at org.junit.platform.launcher.core.DefaultLauncher.execute(DefaultLauncher.java:75)
	at org.gradle.api.internal.tasks.testing.junitplatform.JUnitPlatformTestClassProcessor$CollectAllTestClassesExecutor.processAllTestClasses(JUnitPlatformTestClassProcessor.java:99)
	at org.gradle.api.internal.tasks.testing.junitplatform.JUnitPlatformTestClassProcessor$CollectAllTestClassesExecutor.access$000(JUnitPlatformTestClassProcessor.java:79)
	at org.gradle.api.internal.tasks.testing.junitplatform.JUnitPlatformTestClassProcessor.stop(JUnitPlatformTestClassProcessor.java:75)
	at org.gradle.api.internal.tasks.testing.SuiteTestClassProcessor.stop(SuiteTestClassProcessor.java:61)
	at java.base/jdk.internal.reflect.NativeMethodAccessorImpl.invoke0(Native Method)
	at java.base/jdk.internal.reflect.NativeMethodAccessorImpl.invoke(NativeMethodAccessorImpl.java:78)
	at java.base/jdk.internal.reflect.DelegatingMethodAccessorImpl.invoke(DelegatingMethodAccessorImpl.java:43)
	at java.base/java.lang.reflect.Method.invoke(Method.java:567)
	at org.gradle.internal.dispatch.ReflectionDispatch.dispatch(ReflectionDispatch.java:36)
	at org.gradle.internal.dispatch.ReflectionDispatch.dispatch(ReflectionDispatch.java:24)
	at org.gradle.internal.dispatch.ContextClassLoaderDispatch.dispatch(ContextClassLoaderDispatch.java:33)
	at org.gradle.internal.dispatch.ProxyDispatchAdapter$DispatchingInvocationHandler.invoke(ProxyDispatchAdapter.java:94)
	at jdk.proxy1/jdk.proxy1.$Proxy2.stop(Unknown Source)
	at org.gradle.api.internal.tasks.testing.worker.TestWorker.stop(TestWorker.java:135)
	at java.base/jdk.internal.reflect.NativeMethodAccessorImpl.invoke0(Native Method)
	at java.base/jdk.internal.reflect.NativeMethodAccessorImpl.invoke(NativeMethodAccessorImpl.java:78)
	at java.base/jdk.internal.reflect.DelegatingMethodAccessorImpl.invoke(DelegatingMethodAccessorImpl.java:43)
	at java.base/java.lang.reflect.Method.invoke(Method.java:567)
	at org.gradle.internal.dispatch.ReflectionDispatch.dispatch(ReflectionDispatch.java:36)
	at org.gradle.internal.dispatch.ReflectionDispatch.dispatch(ReflectionDispatch.java:24)
	at org.gradle.internal.remote.internal.hub.MessageHubBackedObjectConnection$DispatchWrapper.dispatch(MessageHubBackedObjectConnection.java:182)
	at org.gradle.internal.remote.internal.hub.MessageHubBackedObjectConnection$DispatchWrapper.dispatch(MessageHubBackedObjectConnection.java:164)
	at org.gradle.internal.remote.internal.hub.MessageHub$Handler.run(MessageHub.java:414)
	at org.gradle.internal.concurrent.ExecutorPolicy$CatchAndRecordFailures.onExecute(ExecutorPolicy.java:64)
	at org.gradle.internal.concurrent.ManagedExecutorImpl$1.run(ManagedExecutorImpl.java:48)
	at java.base/java.util.concurrent.ThreadPoolExecutor.runWorker(ThreadPoolExecutor.java:1130)
	at java.base/java.util.concurrent.ThreadPoolExecutor$Worker.run(ThreadPoolExecutor.java:630)
	at org.gradle.internal.concurrent.ThreadFactoryImpl$ManagedThreadRunnable.run(ThreadFactoryImpl.java:56)
	at java.base/java.lang.Thread.run(Thread.java:831)
</failure>
  </testcase>
  <system-out><![CDATA[]]></system-out>
  <system-err><![CDATA[]]></system-err>
</testsuite>
