<?xml version="1.0" encoding="UTF-8"?>
<testsuite name="baseline.Solution34Test" tests="1" skipped="0" failures="0" errors="0" timestamp="2021-10-04T00:17:11" hostname="LAPTOP-3Q532GHH" time="0.024">
  <properties/>
  <testcase name="print()" classname="baseline.Solution34Test" time="0.024"/>
  <system-out><![CDATA[]]></system-out>
  <system-err><![CDATA[]]></system-err>
</testsuite>
