<?xml version="1.0" encoding="UTF-8"?>
<testsuite name="baseline.Solution29Test" tests="1" skipped="0" failures="0" errors="0" timestamp="2021-10-04T04:33:52" hostname="LAPTOP-3Q532GHH" time="0.021">
  <properties/>
  <testcase name="loop()" classname="baseline.Solution29Test" time="0.021"/>
  <system-out><![CDATA[]]></system-out>
  <system-err><![CDATA[]]></system-err>
</testsuite>
