<?xml version="1.0" encoding="UTF-8"?>
<testsuite name="baseline.Solution27Test" tests="4" skipped="0" failures="0" errors="0" timestamp="2021-10-04T00:43:08" hostname="LAPTOP-3Q532GHH" time="0.031">
  <properties/>
  <testcase name="validateEmployeeID()" classname="baseline.Solution27Test" time="0.026"/>
  <testcase name="validateFirstName()" classname="baseline.Solution27Test" time="0.001"/>
  <testcase name="validateZipCode()" classname="baseline.Solution27Test" time="0.001"/>
  <testcase name="validateLastName()" classname="baseline.Solution27Test" time="0.001"/>
  <system-out><![CDATA[]]></system-out>
  <system-err><![CDATA[]]></system-err>
</testsuite>
